* installing *source* package ‘SAIGE’ ...
staged installation is only possible with locking
** using non-staged installation
** libs
g++ -std=gnu++11 -I"/usr/share/R/include" -DNDEBUG -I ../thirdParty/cget/include -I ../thirdParty/cget/lib -I ../thirdParty/cget/lib64 -D SQLITE_ENABLE_COLUMN_METADATA -O3 -fpic -Wall -Wextra -pedantic  -DARMA_64BIT_WORD=1 -D__STDC_FORMAT_MACROS -I'/net/hunt/zhowei/script/Rlibs/Rcpp/include' -I'/net/hunt/zhowei/script/Rlibs/RcppArmadillo/include' -I'/net/hunt/zhowei/script/Rlibs/RcppParallel/include' -I'/net/hunt/zhowei/script/Rlibs/data.table/include' -I'/net/hunt/zhowei/script/Rlibs/SPAtest/include' -I'/net/hunt/zhowei/script/Rlibs/RcppEigen/include' -I'/net/hunt/zhowei/script/Rlibs/Matrix/include' -I'/usr/lib/R/library/methods/include' -I'/net/hunt/zhowei/script/Rlibs/BH/include' -I'/net/hunt/zhowei/script/Rlibs/optparse/include' -I'/net/hunt/zhowei/script/Rlibs/SKAT/include' -I'/net/hunt/zhowei/script/Rlibs/MetaSKAT/include' -I'/net/hunt/zhowei/script/Rlibs/qlcMatrix/include' -I'/net/hunt/zhowei/script/Rlibs/RhpcBLASctl/include' -I'/net/hunt/zhowei/script/Rlibs/RSQLite/include' -I'/net/mario/cluster/lib/R/site-library-bionic-40/dplyr/include' -I'/net/hunt/zhowei/script/Rlibs/nlme/include' -I'/net/hunt/zhowei/script/Rlibs/MASS/include'    -fpic  -g -O2 -fdebug-prefix-map=/build/r-base-7BvS0x/r-base-4.0.3=. -fstack-protector-strong -Wformat -Werror=format-security -Wdate-time -D_FORTIFY_SOURCE=2 -g  -c SAIGE_test.cpp -o SAIGE_test.o
In file included from /net/hunt/zhowei/script/Rlibs/BH/include/boost/smart_ptr/shared_ptr.hpp:17:0,
                 from /net/hunt/zhowei/script/Rlibs/BH/include/boost/shared_ptr.hpp:17,
                 from /net/hunt/zhowei/script/Rlibs/BH/include/boost/iostreams/filter/symmetric.hpp:61,
                 from /net/hunt/zhowei/script/Rlibs/BH/include/boost/iostreams/filter/zstd.hpp:27,
                 from SAIGE_test.cpp:18:
/net/hunt/zhowei/script/Rlibs/BH/include/boost/smart_ptr/detail/shared_count.hpp:361:33: warning: ‘template<class> class std::auto_ptr’ is deprecated [-Wdeprecated-declarations]
     explicit shared_count( std::auto_ptr<Y> & r ): pi_( new sp_counted_impl_p<Y>( r.get() ) )
                                 ^~~~~~~~
In file included from /usr/include/c++/7/bits/locale_conv.h:41:0,
                 from /usr/include/c++/7/locale:43,
                 from /usr/include/c++/7/iomanip:43,
                 from /net/hunt/zhowei/script/Rlibs/Rcpp/include/RcppCommon.h:53,
                 from /net/hunt/zhowei/script/Rlibs/RcppArmadillo/include/RcppArmadilloForward.h:25,
                 from /net/hunt/zhowei/script/Rlibs/RcppArmadillo/include/RcppArmadillo.h:29,
                 from SAIGE_test.cpp:6:
/usr/include/c++/7/bits/unique_ptr.h:51:28: note: declared here
   template<typename> class auto_ptr;
                            ^~~~~~~~
In file included from /net/hunt/zhowei/script/Rlibs/BH/include/boost/shared_ptr.hpp:17:0,
                 from /net/hunt/zhowei/script/Rlibs/BH/include/boost/iostreams/filter/symmetric.hpp:61,
                 from /net/hunt/zhowei/script/Rlibs/BH/include/boost/iostreams/filter/zstd.hpp:27,
                 from SAIGE_test.cpp:18:
/net/hunt/zhowei/script/Rlibs/BH/include/boost/smart_ptr/shared_ptr.hpp:250:65: warning: ‘template<class> class std::auto_ptr’ is deprecated [-Wdeprecated-declarations]
 template< class T, class R > struct sp_enable_if_auto_ptr< std::auto_ptr< T >, R >
                                                                 ^~~~~~~~
In file included from /usr/include/c++/7/bits/locale_conv.h:41:0,
                 from /usr/include/c++/7/locale:43,
                 from /usr/include/c++/7/iomanip:43,
                 from /net/hunt/zhowei/script/Rlibs/Rcpp/include/RcppCommon.h:53,
                 from /net/hunt/zhowei/script/Rlibs/RcppArmadillo/include/RcppArmadilloForward.h:25,
                 from /net/hunt/zhowei/script/Rlibs/RcppArmadillo/include/RcppArmadillo.h:29,
                 from SAIGE_test.cpp:6:
/usr/include/c++/7/bits/unique_ptr.h:51:28: note: declared here
   template<typename> class auto_ptr;
                            ^~~~~~~~
In file included from /net/hunt/zhowei/script/Rlibs/BH/include/boost/shared_ptr.hpp:17:0,
                 from /net/hunt/zhowei/script/Rlibs/BH/include/boost/iostreams/filter/symmetric.hpp:61,
                 from /net/hunt/zhowei/script/Rlibs/BH/include/boost/iostreams/filter/zstd.hpp:27,
                 from SAIGE_test.cpp:18:
/net/hunt/zhowei/script/Rlibs/BH/include/boost/smart_ptr/shared_ptr.hpp:507:31: warning: ‘template<class> class std::auto_ptr’ is deprecated [-Wdeprecated-declarations]
     explicit shared_ptr( std::auto_ptr<Y> & r ): px(r.get()), pn()
                               ^~~~~~~~
In file included from /usr/include/c++/7/bits/locale_conv.h:41:0,
                 from /usr/include/c++/7/locale:43,
                 from /usr/include/c++/7/iomanip:43,
                 from /net/hunt/zhowei/script/Rlibs/Rcpp/include/RcppCommon.h:53,
                 from /net/hunt/zhowei/script/Rlibs/RcppArmadillo/include/RcppArmadilloForward.h:25,
                 from /net/hunt/zhowei/script/Rlibs/RcppArmadillo/include/RcppArmadillo.h:29,
                 from SAIGE_test.cpp:6:
/usr/include/c++/7/bits/unique_ptr.h:51:28: note: declared here
   template<typename> class auto_ptr;
                            ^~~~~~~~
In file included from /net/hunt/zhowei/script/Rlibs/BH/include/boost/shared_ptr.hpp:17:0,
                 from /net/hunt/zhowei/script/Rlibs/BH/include/boost/iostreams/filter/symmetric.hpp:61,
                 from /net/hunt/zhowei/script/Rlibs/BH/include/boost/iostreams/filter/zstd.hpp:27,
                 from SAIGE_test.cpp:18:
/net/hunt/zhowei/script/Rlibs/BH/include/boost/smart_ptr/shared_ptr.hpp:520:22: warning: ‘template<class> class std::auto_ptr’ is deprecated [-Wdeprecated-declarations]
     shared_ptr( std::auto_ptr<Y> && r ): px(r.get()), pn()
                      ^~~~~~~~
In file included from /usr/include/c++/7/bits/locale_conv.h:41:0,
                 from /usr/include/c++/7/locale:43,
                 from /usr/include/c++/7/iomanip:43,
                 from /net/hunt/zhowei/script/Rlibs/Rcpp/include/RcppCommon.h:53,
                 from /net/hunt/zhowei/script/Rlibs/RcppArmadillo/include/RcppArmadilloForward.h:25,
                 from /net/hunt/zhowei/script/Rlibs/RcppArmadillo/include/RcppArmadillo.h:29,
                 from SAIGE_test.cpp:6:
/usr/include/c++/7/bits/unique_ptr.h:51:28: note: declared here
   template<typename> class auto_ptr;
                            ^~~~~~~~
In file included from /net/hunt/zhowei/script/Rlibs/BH/include/boost/shared_ptr.hpp:17:0,
                 from /net/hunt/zhowei/script/Rlibs/BH/include/boost/iostreams/filter/symmetric.hpp:61,
                 from /net/hunt/zhowei/script/Rlibs/BH/include/boost/iostreams/filter/zstd.hpp:27,
                 from SAIGE_test.cpp:18:
/net/hunt/zhowei/script/Rlibs/BH/include/boost/smart_ptr/shared_ptr.hpp:603:34: warning: ‘template<class> class std::auto_ptr’ is deprecated [-Wdeprecated-declarations]
     shared_ptr & operator=( std::auto_ptr<Y> & r )
                                  ^~~~~~~~
In file included from /usr/include/c++/7/bits/locale_conv.h:41:0,
                 from /usr/include/c++/7/locale:43,
                 from /usr/include/c++/7/iomanip:43,
                 from /net/hunt/zhowei/script/Rlibs/Rcpp/include/RcppCommon.h:53,
                 from /net/hunt/zhowei/script/Rlibs/RcppArmadillo/include/RcppArmadilloForward.h:25,
                 from /net/hunt/zhowei/script/Rlibs/RcppArmadillo/include/RcppArmadillo.h:29,
                 from SAIGE_test.cpp:6:
/usr/include/c++/7/bits/unique_ptr.h:51:28: note: declared here
   template<typename> class auto_ptr;
                            ^~~~~~~~
In file included from /net/hunt/zhowei/script/Rlibs/BH/include/boost/shared_ptr.hpp:17:0,
                 from /net/hunt/zhowei/script/Rlibs/BH/include/boost/iostreams/filter/symmetric.hpp:61,
                 from /net/hunt/zhowei/script/Rlibs/BH/include/boost/iostreams/filter/zstd.hpp:27,
                 from SAIGE_test.cpp:18:
/net/hunt/zhowei/script/Rlibs/BH/include/boost/smart_ptr/shared_ptr.hpp:612:34: warning: ‘template<class> class std::auto_ptr’ is deprecated [-Wdeprecated-declarations]
     shared_ptr & operator=( std::auto_ptr<Y> && r )
                                  ^~~~~~~~
In file included from /usr/include/c++/7/bits/locale_conv.h:41:0,
                 from /usr/include/c++/7/locale:43,
                 from /usr/include/c++/7/iomanip:43,
                 from /net/hunt/zhowei/script/Rlibs/Rcpp/include/RcppCommon.h:53,
                 from /net/hunt/zhowei/script/Rlibs/RcppArmadillo/include/RcppArmadilloForward.h:25,
                 from /net/hunt/zhowei/script/Rlibs/RcppArmadillo/include/RcppArmadillo.h:29,
                 from SAIGE_test.cpp:6:
/usr/include/c++/7/bits/unique_ptr.h:51:28: note: declared here
   template<typename> class auto_ptr;
                            ^~~~~~~~
In file included from /net/hunt/zhowei/script/Rlibs/BH/include/boost/shared_ptr.hpp:17:0,
                 from /net/hunt/zhowei/script/Rlibs/BH/include/boost/iostreams/filter/symmetric.hpp:61,
                 from /net/hunt/zhowei/script/Rlibs/BH/include/boost/iostreams/filter/zstd.hpp:27,
                 from SAIGE_test.cpp:18:
/net/hunt/zhowei/script/Rlibs/BH/include/boost/smart_ptr/shared_ptr.hpp: In member function ‘boost::shared_ptr<T>& boost::shared_ptr<T>::operator=(std::auto_ptr<_Up>&&)’:
/net/hunt/zhowei/script/Rlibs/BH/include/boost/smart_ptr/shared_ptr.hpp:614:38: warning: ‘template<class> class std::auto_ptr’ is deprecated [-Wdeprecated-declarations]
         this_type( static_cast< std::auto_ptr<Y> && >( r ) ).swap( *this );
                                      ^~~~~~~~
In file included from /usr/include/c++/7/bits/locale_conv.h:41:0,
                 from /usr/include/c++/7/locale:43,
                 from /usr/include/c++/7/iomanip:43,
                 from /net/hunt/zhowei/script/Rlibs/Rcpp/include/RcppCommon.h:53,
                 from /net/hunt/zhowei/script/Rlibs/RcppArmadillo/include/RcppArmadilloForward.h:25,
                 from /net/hunt/zhowei/script/Rlibs/RcppArmadillo/include/RcppArmadillo.h:29,
                 from SAIGE_test.cpp:6:
/usr/include/c++/7/bits/unique_ptr.h:51:28: note: declared here
   template<typename> class auto_ptr;
                            ^~~~~~~~
In file included from /net/hunt/zhowei/script/Rlibs/BH/include/boost/bind/mem_fn.hpp:25:0,
                 from /net/hunt/zhowei/script/Rlibs/BH/include/boost/mem_fn.hpp:22,
                 from /net/hunt/zhowei/script/Rlibs/BH/include/boost/function/detail/prologue.hpp:18,
                 from /net/hunt/zhowei/script/Rlibs/BH/include/boost/function.hpp:30,
                 from /net/hunt/zhowei/script/Rlibs/BH/include/boost/algorithm/string/detail/find_iterator.hpp:18,
                 from /net/hunt/zhowei/script/Rlibs/BH/include/boost/algorithm/string/find_iterator.hpp:24,
                 from /net/hunt/zhowei/script/Rlibs/BH/include/boost/algorithm/string/iter_find.hpp:27,
                 from /net/hunt/zhowei/script/Rlibs/BH/include/boost/algorithm/string/split.hpp:16,
                 from /net/hunt/zhowei/script/Rlibs/BH/include/boost/algorithm/string.hpp:23,
                 from /net/hunt/zhowei/script/Rlibs/BH/include/boost/date_time/tz_db_base.hpp:24,
                 from /net/hunt/zhowei/script/Rlibs/BH/include/boost/date_time/local_time/tz_database.hpp:14,
                 from /net/hunt/zhowei/script/Rlibs/BH/include/boost/date_time/local_time/local_time.hpp:19,
                 from /net/hunt/zhowei/script/Rlibs/BH/include/boost/date_time.hpp:15,
                 from SAIGE_test.cpp:19:
/net/hunt/zhowei/script/Rlibs/BH/include/boost/get_pointer.hpp: At global scope:
/net/hunt/zhowei/script/Rlibs/BH/include/boost/get_pointer.hpp:48:40: warning: ‘template<class> class std::auto_ptr’ is deprecated [-Wdeprecated-declarations]
 template<class T> T * get_pointer(std::auto_ptr<T> const& p)
                                        ^~~~~~~~
In file included from /usr/include/c++/7/bits/locale_conv.h:41:0,
                 from /usr/include/c++/7/locale:43,
                 from /usr/include/c++/7/iomanip:43,
                 from /net/hunt/zhowei/script/Rlibs/Rcpp/include/RcppCommon.h:53,
                 from /net/hunt/zhowei/script/Rlibs/RcppArmadillo/include/RcppArmadilloForward.h:25,
                 from /net/hunt/zhowei/script/Rlibs/RcppArmadillo/include/RcppArmadillo.h:29,
                 from SAIGE_test.cpp:6:
/usr/include/c++/7/bits/unique_ptr.h:51:28: note: declared here
   template<typename> class auto_ptr;
                            ^~~~~~~~
SAIGE_test.cpp: In member function ‘void SAIGE::SAIGEClass::scoreTest(arma::vec&, double&, double&, std::__cxx11::string&, double, double&, double&, double&, arma::vec&, arma::vec&, double&, bool, arma::uvec&)’:
SAIGE_test.cpp:140:29: warning: unused parameter ‘t_altFreq’ [-Wunused-parameter]
                      double t_altFreq,
                             ^~~~~~~~~
SAIGE_test.cpp: In member function ‘void SAIGE::SAIGEClass::scoreTestFast(arma::vec&, arma::uvec&, double&, double&, std::__cxx11::string&, double, double&, double&, double&)’:
SAIGE_test.cpp:236:29: warning: unused parameter ‘t_altFreq’ [-Wunused-parameter]
                      double t_altFreq,
                             ^~~~~~~~~
SAIGE_test.cpp: In member function ‘void SAIGE::SAIGEClass::getadjGFast(arma::vec&, arma::vec&, arma::uvec&)’:
SAIGE_test.cpp:332:20: warning: comparison between signed and unsigned integer expressions [-Wsign-compare]
   for(int i = 0; i < iIndex.n_elem; i++){
                  ~~^~~~~~~~~~~~~~~
SAIGE_test.cpp: In member function ‘void SAIGE::SAIGEClass::getMarkerPval(arma::vec&, arma::uvec&, arma::uvec&, double&, double&, double&, double&, double, double&, double&, double&, bool&, arma::vec&, bool&, bool, arma::vec&, bool, double&, double&, double&, double&, double&, double&, arma::rowvec&, bool&, bool&, bool)’:
SAIGE_test.cpp:486:16: warning: unused variable ‘j1’ [-Wunused-variable]
   unsigned int j1 = 0;
                ^~
SAIGE_test.cpp:487:16: warning: unused variable ‘j2’ [-Wunused-variable]
   unsigned int j2 = 0;
                ^~
SAIGE_test.cpp:611:19: warning: suggest parentheses around comparison in operand of ‘&’ [-Wparentheses]
    if(m_traitType == "binary" & m_is_Firth_beta & t_pval <= m_pCutoffforFirth){
       ~~~~~~~~~~~~^~~~~~~~~~~
SAIGE_test.cpp:611:58: warning: suggest parentheses around comparison in operand of ‘&’ [-Wparentheses]
    if(m_traitType == "binary" & m_is_Firth_beta & t_pval <= m_pCutoffforFirth){
                                                   ~~~~~~~^~~~~~~~~~~~~~~~~~~~
SAIGE_test.cpp: In member function ‘void SAIGE::SAIGEClass::fast_logistf_fit_simple(arma::mat&, arma::vec&, arma::vec&, bool, arma::vec, int, int, int, double, double, double, double&, double&, bool&)’:
SAIGE_test.cpp:892:13: warning: unused parameter ‘maxhs’ [-Wunused-parameter]
         int maxhs,
             ^~~~~
SAIGE_test.cpp:893:16: warning: unused parameter ‘lconv’ [-Wunused-parameter]
         double lconv,
                ^~~~~
SAIGE_test.cpp: In member function ‘arma::vec SAIGE::SAIGEClass::getDiagOfSigma_V()’:
SAIGE_test.cpp:1032:32: warning: comparison between signed and unsigned integer expressions [-Wsign-compare]
         for(unsigned int i=0; i< Nnomissing; i++){
                               ~^~~~~~~~~~~~
SAIGE_test.cpp: In member function ‘arma::vec SAIGE::SAIGEClass::getSigma_G_V(arma::vec&, int, double)’:
SAIGE_test.cpp:1146:46: error: ‘bvec’ was not declared in this scope
         Sigma_iG = getPCG1ofSigmaAndVector_V(bvec, maxiterPCG, tolPCG);
                                              ^~~~
SAIGE_test.cpp:1146:46: note: suggested alternative: ‘bVec’
         Sigma_iG = getPCG1ofSigmaAndVector_V(bvec, maxiterPCG, tolPCG);
                                              ^~~~
                                              bVec
SAIGE_test.cpp:1147:24: error: could not convert ‘Sigma_iG’ from ‘arma::fvec {aka arma::Col<float>}’ to ‘arma::vec {aka arma::Col<double>}’
         return(Sigma_iG);
                        ^
SAIGE_test.cpp:1144:47: warning: unused parameter ‘bVec’ [-Wunused-parameter]
 arma::vec SAIGEClass::getSigma_G_V(arma::vec& bVec, int maxiterPCG, double tolPCG){
                                               ^~~~
/usr/lib/R/etc/Makeconf:181: recipe for target 'SAIGE_test.o' failed
make: *** [SAIGE_test.o] Error 1
ERROR: compilation failed for package ‘SAIGE’
* removing ‘/net/hunt/zhowei/project/imbalancedCaseCtrlMixedModel/Rpackage_SPAGMMAT/SAIGE_newgit/install_1.1.3_Poisson3/SAIGE’
